<?xml version="1.0" encoding="UTF-8"?>
<!-- Generated by org.testng.reporters.JUnitReportReporter -->
<testsuite hostname="DESKTOP-C4LC40M" failures="0" tests="4" name="Tutorial5.getDemo2" time="3.027" errors="0" timestamp="2022-09-25T12:12:42 IST" skipped="0">
  <testcase classname="Tutorial5.getDemo2" name="createANewUser" time="2.030"/>
  <system-out/>
  <testcase classname="Tutorial5.getDemo2" name="retriveTheDataAfterPost" time="0.892"/>
  <system-out/>
  <testcase classname="Tutorial5.getDemo2" name="updateData" time="0.060"/>
  <system-out/>
  <testcase classname="Tutorial5.getDemo2" name="retriveTheDataAfterPut" time="0.045"/>
  <system-out/>
</testsuite> <!-- Tutorial5.getDemo2 -->
