<?xml version="1.0" encoding="UTF-8"?>
<!-- Generated by org.testng.reporters.JUnitReportReporter -->
<testsuite hostname="DESKTOP-C4LC40M" failures="0" tests="1" name="Tutorial1.getDemo7" time="1.904" errors="0" timestamp="2022-12-21T10:58:18 IST" skipped="0">
  <testcase classname="Tutorial1.getDemo7" name="abc" time="1.904"/>
  <system-out/>
</testsuite> <!-- Tutorial1.getDemo7 -->
