<?xml version="1.0" encoding="UTF-8"?>
<!-- Generated by org.testng.reporters.JUnitReportReporter -->
<testsuite hostname="DESKTOP-C4LC40M" failures="0" tests="4" name="Tutorial8.Demo2" time="2.483" errors="0" timestamp="2022-09-25T12:57:03 IST" skipped="0">
  <testcase classname="Tutorial8.Demo2" name="createANewUser" time="1.567"/>
  <system-out/>
  <testcase classname="Tutorial8.Demo2" name="retriveTheDataAfterPost" time="0.043"/>
  <system-out/>
  <testcase classname="Tutorial8.Demo2" name="updateData" time="0.813"/>
  <system-out/>
  <testcase classname="Tutorial8.Demo2" name="retriveTheDataAfterPut" time="0.060"/>
  <system-out/>
</testsuite> <!-- Tutorial8.Demo2 -->
